{
  "Cucumber Features": {
    "coverage": {
      "/home/ubuntu/workspace/rails-devise-roles/app/models/user.rb": [
        1,
        1,
        1,
        null,
        1,
        20,
        null,
        null,
        1,
        0,
        null,
        null,
        null,
        1,
        null,
        null,
        null
      ],
      "/home/ubuntu/workspace/rails-devise-roles/app/models/application_record.rb": [
        1,
        1,
        null
      ],
      "/home/ubuntu/workspace/rails-devise-roles/app/controllers/visitors_controller.rb": [
        1,
        null
      ],
      "/home/ubuntu/workspace/rails-devise-roles/app/controllers/application_controller.rb": [
        1,
        1,
        null,
        1,
        null,
        1,
        null,
        1,
        10,
        10,
        null,
        null,
        null,
        null,
        null,
        null,
        null,
        null,
        null,
        null,
        null,
        null,
        null
      ],
      "/home/ubuntu/workspace/rails-devise-roles/app/helpers/application_helper.rb": [
        1,
        null
      ],
      "/home/ubuntu/workspace/rails-devise-roles/app/helpers/questions_helper.rb": [
        1,
        null
      ],
      "/home/ubuntu/workspace/rails-devise-roles/app/helpers/sessions_helper.rb": [
        1,
        null,
        null,
        null,
        null,
        null,
        null,
        null,
        null,
        null,
        null,
        null,
        null,
        null,
        null,
        null,
        null,
        null,
        null,
        null,
        null,
        null
      ],
      "/home/ubuntu/workspace/rails-devise-roles/app/helpers/static_pages_helper.rb": [
        1,
        null
      ],
      "/home/ubuntu/workspace/rails-devise-roles/app/helpers/users_helper.rb": [
        1,
        null
      ],
      "/home/ubuntu/workspace/rails-devise-roles/app/controllers/questions_controller.rb": [
        1,
        1,
        null,
        null,
        null,
        1,
        7,
        null,
        null,
        null,
        null,
        1,
        null,
        null,
        null,
        1,
        4,
        null,
        null,
        null,
        1,
        null,
        null,
        null,
        null,
        1,
        1,
        1,
        1,
        1,
        1,
        1,
        1,
        1,
        1,
        1,
        1,
        0,
        null,
        1,
        null,
        null,
        0,
        null,
        null,
        1,
        1,
        0,
        0,
        null,
        2,
        1,
        null,
        null,
        null,
        null,
        null,
        null,
        1,
        0,
        0,
        0,
        0,
        null,
        0,
        0,
        null,
        null,
        null,
        null,
        null,
        null,
        1,
        0,
        0,
        0,
        0,
        null,
        null,
        null,
        1,
        null,
        1,
        6,
        null,
        null,
        null,
        1,
        0,
        null,
        null
      ],
      "/home/ubuntu/workspace/rails-devise-roles/app/models/question.rb": [
        1,
        1,
        1,
        1,
        1,
        1,
        1,
        null
      ],
      "/home/ubuntu/workspace/rails-devise-roles/app/controllers/test_questions_controller.rb": [
        1,
        null,
        null,
        null,
        1,
        9,
        9,
        36,
        36,
        9,
        9,
        4,
        10,
        10,
        10,
        4,
        6,
        6,
        null,
        10,
        10,
        4,
        null,
        null,
        4,
        null,
        null,
        null,
        null,
        null,
        1,
        4,
        4,
        4,
        null,
        null,
        null,
        null,
        null
      ],
      "/home/ubuntu/workspace/rails-devise-roles/app/channels/application_cable/channel.rb": [
        0,
        0,
        0,
        0
      ],
      "/home/ubuntu/workspace/rails-devise-roles/app/channels/application_cable/connection.rb": [
        0,
        0,
        0,
        0
      ],
      "/home/ubuntu/workspace/rails-devise-roles/app/mailers/application_mailer.rb": [
        0,
        0,
        0,
        0
      ],
      "/home/ubuntu/workspace/rails-devise-roles/app/controllers/static_pages_controller.rb": [
        0,
        0,
        0,
        null,
        0,
        0,
        0
      ],
      "/home/ubuntu/workspace/rails-devise-roles/app/controllers/users_controller.rb": [
        0,
        null,
        0,
        0,
        null,
        0,
        null,
        null,
        null,
        0,
        0,
        0,
        null,
        0,
        0,
        0,
        0,
        0,
        0,
        0,
        null,
        0,
        null,
        0,
        0,
        0,
        null,
        0,
        0,
        0,
        null,
        0,
        0,
        0,
        null,
        0,
        0,
        0,
        0,
        null,
        null,
        0,
        0,
        0,
        0,
        0,
        0,
        0,
        0,
        null,
        0,
        0,
        0,
        0,
        0,
        null,
        0,
        null,
        0,
        0,
        0,
        0,
        0,
        null,
        0,
        0,
        0,
        null,
        0,
        null,
        null,
        null,
        null,
        null,
        null,
        null,
        null,
        null,
        null,
        null,
        null,
        null,
        null,
        null,
        null,
        null,
        null,
        null,
        null,
        null,
        null,
        null,
        null,
        null,
        null,
        null,
        null,
        null,
        null,
        null,
        null,
        null,
        null,
        null
      ],
      "/home/ubuntu/workspace/rails-devise-roles/app/controllers/sessions_controller.rb": [
        0,
        0,
        0,
        null,
        0,
        0,
        0,
        null,
        0,
        0,
        0,
        null,
        0,
        0,
        0,
        0,
        null,
        0,
        0,
        0,
        0,
        0
      ],
      "/home/ubuntu/workspace/rails-devise-roles/app/jobs/application_job.rb": [
        0,
        0
      ],
      "/home/ubuntu/workspace/rails-devise-roles/app/services/create_admin_service.rb": [
        0,
        0,
        0,
        0,
        0,
        0,
        0,
        0,
        0
      ]
    },
    "timestamp": 1523835955
  },
  "RSpec": {
    "coverage": {
      "/home/ubuntu/workspace/rails-devise-roles/app/models/user.rb": [
        1,
        1,
        1,
        null,
        1,
        22,
        null,
        null,
        1,
        0,
        null,
        null,
        null,
        1,
        null,
        null,
        null
      ],
      "/home/ubuntu/workspace/rails-devise-roles/app/models/application_record.rb": [
        1,
        1,
        null
      ],
      "/home/ubuntu/workspace/rails-devise-roles/app/helpers/application_helper.rb": [
        1,
        null
      ],
      "/home/ubuntu/workspace/rails-devise-roles/app/helpers/questions_helper.rb": [
        1,
        null
      ],
      "/home/ubuntu/workspace/rails-devise-roles/app/helpers/sessions_helper.rb": [
        1,
        null,
        null,
        null,
        null,
        null,
        null,
        null,
        null,
        null,
        null,
        null,
        null,
        null,
        null,
        null,
        null,
        null,
        null,
        null,
        null,
        null
      ],
      "/home/ubuntu/workspace/rails-devise-roles/app/helpers/static_pages_helper.rb": [
        1,
        null
      ],
      "/home/ubuntu/workspace/rails-devise-roles/app/helpers/users_helper.rb": [
        1,
        null
      ],
      "/home/ubuntu/workspace/rails-devise-roles/app/controllers/questions_controller.rb": [
        1,
        1,
        null,
        null,
        null,
        1,
        2,
        null,
        null,
        null,
        null,
        1,
        null,
        null,
        null,
        1,
        1,
        null,
        null,
        null,
        1,
        null,
        null,
        null,
        null,
        1,
        3,
        0,
        0,
        0,
        0,
        0,
        0,
        0,
        0,
        0,
        0,
        0,
        null,
        0,
        null,
        null,
        3,
        null,
        null,
        3,
        3,
        4,
        2,
        null,
        2,
        1,
        null,
        null,
        null,
        null,
        null,
        null,
        1,
        3,
        3,
        4,
        2,
        null,
        2,
        1,
        null,
        null,
        null,
        null,
        null,
        null,
        1,
        2,
        2,
        4,
        2,
        null,
        null,
        null,
        1,
        null,
        1,
        7,
        null,
        null,
        null,
        1,
        6,
        null,
        null
      ],
      "/home/ubuntu/workspace/rails-devise-roles/app/controllers/application_controller.rb": [
        1,
        1,
        null,
        1,
        null,
        1,
        null,
        1,
        20,
        20,
        null,
        null,
        null,
        null,
        null,
        null,
        null,
        null,
        null,
        null,
        null,
        null,
        null
      ],
      "/home/ubuntu/workspace/rails-devise-roles/app/controllers/test_questions_controller.rb": [
        1,
        null,
        null,
        null,
        1,
        3,
        3,
        12,
        12,
        3,
        3,
        3,
        9,
        9,
        9,
        3,
        6,
        3,
        null,
        9,
        9,
        3,
        null,
        null,
        3,
        null,
        null,
        null,
        null,
        null,
        1,
        0,
        0,
        0,
        null,
        null,
        null,
        null,
        null
      ],
      "/home/ubuntu/workspace/rails-devise-roles/app/models/question.rb": [
        1,
        1,
        1,
        1,
        1,
        1,
        1,
        null
      ],
      "/home/ubuntu/workspace/rails-devise-roles/app/controllers/visitors_controller.rb": [
        1,
        null
      ],
      "/home/ubuntu/workspace/rails-devise-roles/app/controllers/users_controller.rb": [
        1,
        null,
        1,
        1,
        null,
        1,
        null,
        null,
        null,
        1,
        1,
        null,
        null,
        1,
        0,
        0,
        0,
        0,
        null,
        null,
        null,
        null,
        null,
        1,
        0,
        null,
        null,
        1,
        0,
        0,
        null,
        0,
        0,
        0,
        null,
        null,
        0,
        null,
        null,
        null,
        null,
        1,
        0,
        0,
        0,
        null,
        0,
        null,
        null,
        null,
        1,
        0,
        0,
        0,
        null,
        null,
        1,
        null,
        1,
        1,
        0,
        null,
        null,
        null,
        1,
        0,
        null,
        null,
        null,
        null,
        null,
        null,
        null,
        null,
        null,
        null,
        null,
        null,
        null,
        null,
        null,
        null,
        null,
        null,
        null,
        null,
        null,
        null,
        null,
        null,
        null,
        null,
        null,
        null,
        null,
        null,
        null,
        null,
        null,
        null,
        null,
        null,
        null,
        null
      ],
      "/home/ubuntu/workspace/rails-devise-roles/app/channels/application_cable/channel.rb": [
        0,
        0,
        0,
        0
      ],
      "/home/ubuntu/workspace/rails-devise-roles/app/channels/application_cable/connection.rb": [
        0,
        0,
        0,
        0
      ],
      "/home/ubuntu/workspace/rails-devise-roles/app/mailers/application_mailer.rb": [
        0,
        0,
        0,
        0
      ],
      "/home/ubuntu/workspace/rails-devise-roles/app/controllers/static_pages_controller.rb": [
        0,
        0,
        0,
        null,
        0,
        0,
        0
      ],
      "/home/ubuntu/workspace/rails-devise-roles/app/controllers/sessions_controller.rb": [
        0,
        0,
        0,
        null,
        0,
        0,
        0,
        null,
        0,
        0,
        0,
        null,
        0,
        0,
        0,
        0,
        null,
        0,
        0,
        0,
        0,
        0
      ],
      "/home/ubuntu/workspace/rails-devise-roles/app/jobs/application_job.rb": [
        0,
        0
      ],
      "/home/ubuntu/workspace/rails-devise-roles/app/services/create_admin_service.rb": [
        0,
        0,
        0,
        0,
        0,
        0,
        0,
        0,
        0
      ]
    },
    "timestamp": 1523838395
  }
}
