{
  "Cucumber Features": {
    "coverage": {
      "/home/ec2-user/environment/selfeval/app/models/user.rb": [
        1,
        null,
        1,
        1,
        null,
        1,
        20,
        null,
        null,
        null,
        null,
        null,
        null,
        null,
        1,
        null,
        null,
        null
      ],
      "/home/ec2-user/environment/selfeval/app/models/application_record.rb": [
        1,
        1,
        null
      ],
      "/home/ec2-user/environment/selfeval/app/controllers/visitors_controller.rb": [
        1,
        1,
        14,
        1,
        null,
        13,
        null,
        null,
        null,
        1,
        null,
        0,
        null,
        null
      ],
      "/home/ec2-user/environment/selfeval/app/controllers/application_controller.rb": [
        1,
        1,
        null,
        1,
        null,
        1,
        null,
        1,
        10,
        10,
        null,
        null,
        null,
        null,
        null,
        null,
        null,
        null,
        null,
        null,
        null,
        null,
        null
      ],
      "/home/ec2-user/environment/selfeval/app/helpers/application_helper.rb": [
        1,
        null
      ],
      "/home/ec2-user/environment/selfeval/app/helpers/questions_helper.rb": [
        1,
        null
      ],
      "/home/ec2-user/environment/selfeval/app/helpers/sessions_helper.rb": [
        1,
        null,
        null,
        null,
        null,
        null,
        null,
        null,
        null,
        null,
        null,
        null,
        null,
        null,
        null,
        null,
        null,
        null,
        null,
        null,
        null,
        null
      ],
      "/home/ec2-user/environment/selfeval/app/helpers/users_helper.rb": [
        1,
        null
      ],
      "/home/ec2-user/environment/selfeval/app/controllers/questions_controller.rb": [
        1,
        1,
        null,
        null,
        null,
        1,
        8,
        null,
        null,
        null,
        null,
        1,
        null,
        null,
        null,
        1,
        7,
        null,
        null,
        null,
        1,
        null,
        null,
        null,
        null,
        null,
        1,
        4,
        3,
        3,
        3,
        3,
        3,
        3,
        3,
        3,
        3,
        3,
        null,
        null,
        null,
        null,
        null,
        3,
        null,
        1,
        null,
        null,
        4,
        4,
        6,
        3,
        null,
        2,
        1,
        null,
        null,
        null,
        null,
        null,
        null,
        1,
        4,
        0,
        0,
        0,
        null,
        0,
        0,
        0,
        0,
        0,
        null,
        0,
        null,
        4,
        4,
        null,
        4,
        2,
        2,
        2,
        2,
        null,
        4,
        null,
        4,
        4,
        6,
        3,
        null,
        2,
        1,
        null,
        null,
        null,
        null,
        null,
        null,
        1,
        0,
        0,
        0,
        0,
        null,
        null,
        null,
        1,
        null,
        1,
        25,
        null,
        null,
        null,
        1,
        9,
        null,
        null,
        1,
        0,
        null,
        null
      ],
      "/home/ec2-user/environment/selfeval/app/models/question.rb": [
        1,
        1,
        1,
        1,
        1,
        1,
        1,
        1,
        1,
        1,
        null,
        1,
        null,
        1,
        null,
        null,
        null,
        null,
        1,
        69,
        7,
        0,
        null,
        null,
        null,
        null
      ],
      "/home/ec2-user/environment/selfeval/app/uploaders/image_uploader.rb": [
        null,
        1,
        null,
        1,
        null,
        null,
        null,
        1,
        null,
        null,
        null,
        null,
        null,
        null,
        null,
        1,
        0,
        null,
        null,
        null,
        null,
        null,
        null,
        null,
        null,
        null,
        null,
        null,
        1,
        null,
        1,
        null,
        null,
        null,
        null,
        1,
        1,
        null,
        null,
        1,
        1,
        null,
        null,
        1,
        1,
        null,
        null,
        null,
        null,
        1,
        0,
        null,
        null,
        null,
        null,
        null,
        null,
        null,
        null,
        null
      ],
      "/home/ec2-user/environment/selfeval/app/controllers/test_questions_controller.rb": [
        1,
        null,
        null,
        1,
        26,
        26,
        104,
        104,
        104,
        104,
        26,
        0,
        0,
        null,
        26,
        26,
        26,
        26,
        16,
        16,
        16,
        16,
        null,
        null,
        null,
        null,
        26,
        2,
        2,
        2,
        2,
        null,
        null,
        null,
        26,
        10,
        18,
        18,
        18,
        8,
        8,
        10,
        10,
        null,
        18,
        16,
        0,
        null,
        16,
        null,
        null,
        18,
        null,
        null,
        null,
        null,
        null,
        1,
        7,
        7,
        7,
        7,
        7,
        null,
        null,
        null,
        null,
        null
      ],
      "/home/ec2-user/environment/selfeval/app/services/create_admin_service.rb": [
        0,
        0,
        0,
        0,
        0,
        0,
        0,
        0,
        0
      ],
      "/home/ec2-user/environment/selfeval/app/mailers/application_mailer.rb": [
        0,
        0,
        0,
        0
      ],
      "/home/ec2-user/environment/selfeval/app/jobs/application_job.rb": [
        0,
        0
      ],
      "/home/ec2-user/environment/selfeval/app/channels/application_cable/connection.rb": [
        0,
        0,
        0,
        0
      ],
      "/home/ec2-user/environment/selfeval/app/channels/application_cable/channel.rb": [
        0,
        0,
        0,
        0
      ],
      "/home/ec2-user/environment/selfeval/app/controllers/users_controller.rb": [
        0,
        null,
        0,
        0,
        null,
        0,
        null,
        null,
        null,
        0,
        0,
        0,
        0,
        null,
        0,
        0,
        0,
        0,
        0,
        0,
        0,
        null,
        0,
        null,
        0,
        0,
        0,
        null,
        0,
        0,
        0,
        null,
        0,
        0,
        0,
        null,
        0,
        0,
        0,
        0,
        null,
        null,
        0,
        0,
        0,
        0,
        0,
        0,
        0,
        0,
        null,
        0,
        0,
        0,
        0,
        0,
        null,
        0,
        null,
        0,
        0,
        0,
        0,
        0,
        null,
        0,
        0,
        0,
        0,
        0,
        0,
        null,
        0,
        null,
        null,
        null,
        null,
        null,
        null,
        null,
        null,
        null,
        null,
        null,
        null,
        null,
        null,
        null,
        null,
        null,
        null,
        null,
        null,
        null,
        null,
        null,
        null,
        null,
        null,
        null,
        null,
        null,
        null,
        null,
        null,
        null,
        null,
        null
      ],
      "/home/ec2-user/environment/selfeval/app/controllers/sessions_controller.rb": [
        0,
        null,
        null,
        null,
        null,
        null,
        null,
        null,
        null,
        null,
        null,
        0
      ],
      "/home/ec2-user/environment/selfeval/app/controllers/password_resets_controller.rb": [
        0,
        null,
        0,
        0,
        null,
        0,
        0,
        0,
        0,
        0,
        0,
        0,
        0,
        0,
        0,
        0,
        0,
        null,
        0,
        0,
        0
      ]
    },
    "timestamp": 1525140821
  },
  "RSpec": {
    "coverage": {
      "/home/ec2-user/environment/selfeval/app/models/user.rb": [
        1,
        null,
        1,
        1,
        null,
        1,
        30,
        null,
        null,
        null,
        null,
        null,
        null,
        null,
        1,
        null,
        null,
        null
      ],
      "/home/ec2-user/environment/selfeval/app/models/application_record.rb": [
        1,
        1,
        null
      ],
      "/home/ec2-user/environment/selfeval/app/helpers/application_helper.rb": [
        1,
        null
      ],
      "/home/ec2-user/environment/selfeval/app/helpers/questions_helper.rb": [
        1,
        null
      ],
      "/home/ec2-user/environment/selfeval/app/helpers/sessions_helper.rb": [
        1,
        null,
        null,
        null,
        null,
        null,
        null,
        null,
        null,
        null,
        null,
        null,
        null,
        null,
        null,
        null,
        null,
        null,
        null,
        null,
        null,
        null
      ],
      "/home/ec2-user/environment/selfeval/app/helpers/users_helper.rb": [
        1,
        null
      ],
      "/home/ec2-user/environment/selfeval/app/controllers/questions_controller.rb": [
        1,
        1,
        null,
        null,
        null,
        1,
        2,
        null,
        null,
        null,
        null,
        1,
        null,
        null,
        null,
        1,
        1,
        null,
        null,
        null,
        1,
        null,
        null,
        null,
        null,
        null,
        1,
        3,
        0,
        0,
        0,
        0,
        0,
        0,
        0,
        0,
        0,
        0,
        null,
        null,
        null,
        null,
        null,
        0,
        null,
        3,
        null,
        null,
        3,
        3,
        4,
        2,
        null,
        2,
        1,
        null,
        null,
        null,
        null,
        null,
        null,
        1,
        4,
        1,
        1,
        1,
        null,
        1,
        1,
        1,
        1,
        1,
        null,
        1,
        null,
        3,
        2,
        null,
        3,
        1,
        1,
        1,
        1,
        null,
        3,
        null,
        4,
        4,
        6,
        3,
        null,
        2,
        1,
        null,
        null,
        null,
        null,
        null,
        null,
        1,
        2,
        2,
        4,
        2,
        null,
        null,
        null,
        1,
        null,
        1,
        8,
        null,
        null,
        null,
        1,
        11,
        null,
        null,
        1,
        0,
        null,
        null
      ],
      "/home/ec2-user/environment/selfeval/app/controllers/application_controller.rb": [
        1,
        1,
        null,
        1,
        null,
        1,
        null,
        1,
        28,
        28,
        null,
        null,
        null,
        null,
        null,
        null,
        null,
        null,
        null,
        null,
        null,
        null,
        null
      ],
      "/home/ec2-user/environment/selfeval/app/controllers/test_questions_controller.rb": [
        1,
        null,
        null,
        1,
        5,
        5,
        20,
        20,
        20,
        20,
        5,
        5,
        20,
        null,
        5,
        5,
        5,
        5,
        5,
        10,
        10,
        5,
        null,
        null,
        null,
        null,
        5,
        5,
        15,
        15,
        5,
        null,
        null,
        null,
        5,
        5,
        15,
        15,
        15,
        5,
        5,
        10,
        5,
        null,
        15,
        10,
        5,
        null,
        5,
        null,
        null,
        15,
        null,
        null,
        null,
        null,
        null,
        1,
        0,
        0,
        0,
        0,
        0,
        null,
        null,
        null,
        null,
        null
      ],
      "/home/ec2-user/environment/selfeval/app/models/question.rb": [
        1,
        1,
        1,
        1,
        1,
        1,
        1,
        1,
        1,
        1,
        null,
        1,
        null,
        1,
        null,
        null,
        null,
        null,
        1,
        28,
        4,
        0,
        null,
        null,
        null,
        null
      ],
      "/home/ec2-user/environment/selfeval/app/uploaders/image_uploader.rb": [
        null,
        1,
        null,
        1,
        null,
        null,
        null,
        1,
        null,
        null,
        null,
        null,
        null,
        null,
        null,
        1,
        72,
        null,
        null,
        null,
        null,
        null,
        null,
        null,
        null,
        null,
        null,
        null,
        1,
        null,
        1,
        null,
        null,
        null,
        null,
        1,
        1,
        null,
        null,
        1,
        1,
        null,
        null,
        1,
        1,
        null,
        null,
        null,
        null,
        1,
        72,
        null,
        null,
        null,
        null,
        null,
        null,
        null,
        null,
        null
      ],
      "/home/ec2-user/environment/selfeval/app/controllers/visitors_controller.rb": [
        1,
        1,
        9,
        6,
        null,
        3,
        null,
        null,
        null,
        1,
        null,
        0,
        null,
        null
      ],
      "/home/ec2-user/environment/selfeval/app/controllers/users_controller.rb": [
        1,
        null,
        1,
        1,
        null,
        1,
        null,
        null,
        null,
        1,
        1,
        1,
        null,
        null,
        1,
        0,
        0,
        0,
        0,
        null,
        null,
        null,
        null,
        null,
        1,
        0,
        null,
        null,
        1,
        0,
        0,
        null,
        0,
        0,
        0,
        null,
        null,
        0,
        null,
        null,
        null,
        null,
        1,
        0,
        0,
        0,
        null,
        0,
        null,
        null,
        null,
        1,
        0,
        0,
        0,
        null,
        null,
        1,
        null,
        1,
        1,
        0,
        null,
        null,
        null,
        1,
        0,
        null,
        1,
        0,
        null,
        null,
        null,
        null,
        null,
        null,
        null,
        null,
        null,
        null,
        null,
        null,
        null,
        null,
        null,
        null,
        null,
        null,
        null,
        null,
        null,
        null,
        null,
        null,
        null,
        null,
        null,
        null,
        null,
        null,
        null,
        null,
        null,
        null,
        null,
        null,
        null,
        null
      ],
      "/home/ec2-user/environment/selfeval/app/services/create_admin_service.rb": [
        0,
        0,
        0,
        0,
        0,
        0,
        0,
        0,
        0
      ],
      "/home/ec2-user/environment/selfeval/app/mailers/application_mailer.rb": [
        0,
        0,
        0,
        0
      ],
      "/home/ec2-user/environment/selfeval/app/jobs/application_job.rb": [
        0,
        0
      ],
      "/home/ec2-user/environment/selfeval/app/channels/application_cable/connection.rb": [
        0,
        0,
        0,
        0
      ],
      "/home/ec2-user/environment/selfeval/app/channels/application_cable/channel.rb": [
        0,
        0,
        0,
        0
      ],
      "/home/ec2-user/environment/selfeval/app/controllers/sessions_controller.rb": [
        0,
        null,
        null,
        null,
        null,
        null,
        null,
        null,
        null,
        null,
        null,
        0
      ],
      "/home/ec2-user/environment/selfeval/app/controllers/password_resets_controller.rb": [
        0,
        null,
        0,
        0,
        null,
        0,
        0,
        0,
        0,
        0,
        0,
        0,
        0,
        0,
        0,
        0,
        0,
        null,
        0,
        0,
        0
      ]
    },
    "timestamp": 1525140811
  }
}
